* using log directory ‘/Users/mynguyen/Documents/GitHub/scHiCcompare/scHiCcompare.Rcheck’
* using R version 4.2.3 (2023-03-15)
* using platform: x86_64-apple-darwin17.0 (64-bit)
* using session charset: UTF-8
* checking for file ‘scHiCcompare/DESCRIPTION’ ... OK
* this is package ‘scHiCcompare’ version ‘0.99.0’
* package encoding: UTF-8
* checking package namespace information ... OK
* checking package dependencies ... OK
* checking if this is a source package ... OK
* checking if there is a namespace ... OK
* checking for executable files ... OK
* checking for hidden files and directories ... OK
* checking for portable file names ... OK
* checking for sufficient/correct file permissions ... OK
* checking whether package ‘scHiCcompare’ can be installed ... OK
* checking installed package size ... OK
* checking package directory ... OK
* checking ‘build’ directory ... OK
* checking DESCRIPTION meta-information ... OK
* checking top-level files ... OK
* checking for left-over files ... OK
* checking index information ... OK
* checking package subdirectories ... OK
* checking R files for non-ASCII characters ... OK
* checking R files for syntax errors ... OK
* checking whether the package can be loaded ... OK
* checking whether the package can be loaded with stated dependencies ... OK
* checking whether the package can be unloaded cleanly ... OK
* checking whether the namespace can be loaded with stated dependencies ... OK
* checking whether the namespace can be unloaded cleanly ... OK
* checking loading without being on the library search path ... OK
* checking dependencies in R code ... OK
* checking S3 generic/method consistency ... OK
* checking replacement functions ... OK
* checking foreign function calls ... OK
* checking R code for possible problems ... NOTE
.randomize_IFs: no visible global function definition for ‘rnorm’
GMM_layer: no visible global function definition for ‘shapiro.test’
RF_impute.outrm.schic: no visible global function definition for
  ‘boxplot.stats’
RF_impute.outrm.schic: no visible global function definition for
  ‘na.omit’
RF_impute.outrm.schic: no visible global function definition for
  ‘aggregate’
RF_impute.outrm.schic: no visible binding for global variable
  ‘Single_cell’
RF_impute.outrm.schic: no visible binding for global variable ‘IF’
RF_process: no visible global function definition for ‘boxplot.stats’
RF_process: no visible global function definition for ‘na.omit’
RF_process: no visible global function definition for ‘aggregate’
RF_process: no visible binding for global variable ‘Single_cell’
RF_process: no visible binding for global variable ‘IF’
best_A: no visible global function definition for ‘is’
best_A: no visible global function definition for ‘quantile’
differential_result_plot: no visible binding for global variable
  ‘adj.M’
differential_result_plot: no visible binding for global variable ‘D’
differential_result_plot: no visible binding for global variable
  ‘Difference.cluster’
find.collinear: no visible global function definition for ‘cor’
mice.rf_impute: no visible global function definition for ‘quantile’
mice.rf_impute: no visible global function definition for ‘IQR’
mice.rf_impute: no visible global function definition for ‘na.omit’
mice.rf_impute: no visible global function definition for ‘aggregate’
plot_HiCmatrix_heatmap: no visible global function definition for
  ‘colorRampPalette’
plot_imputed_distance_diagnostic: no visible binding for global
  variable ‘IF’
plot_imputed_distance_diagnostic: no visible binding for global
  variable ‘Group’
pools_impute : process_pool: no visible global function definition for
  ‘na.omit’
pools_impute : process_pool: no visible binding for global variable
  ‘Single_cell’
pools_impute : process_pool: no visible binding for global variable
  ‘IF’
print.checkNumbers: no visible global function definition for ‘na.omit’
read_files: no visible global function definition for ‘read.delim’
scHiC_bulk_compare: no visible global function definition for ‘bpparam’
scHiCcompare: no visible global function definition for ‘bpparam’
scHiCcompare: no visible binding for global variable ‘cell_id’
scHiCcompare: no visible binding for global variable ‘region1’
scHiCcompare: no visible binding for global variable ‘region2’
scHiCcompare: no visible binding for global variable ‘IF’
scHiCcompare : <anonymous>: no visible global function definition for
  ‘write.table’
scHiCcompare: no visible global function definition for ‘write.table’
scHiCcompare_impute: no visible global function definition for
  ‘boxplot’
scHiCcompare_impute: no visible binding for global variable
  ‘Single_cell’
scHiCcompare_impute: no visible binding for global variable ‘IF’
withoutNorm_hicTable: no visible global function definition for ‘:=’
withoutNorm_hicTable: no visible binding for global variable ‘A’
Undefined global functions or variables:
  := A D Difference.cluster Group IF IQR Single_cell adj.M aggregate
  boxplot boxplot.stats bpparam cell_id colorRampPalette cor is na.omit
  quantile read.delim region1 region2 rnorm shapiro.test write.table
Consider adding
  importFrom("grDevices", "boxplot.stats", "colorRampPalette")
  importFrom("graphics", "boxplot")
  importFrom("methods", "is")
  importFrom("stats", "D", "IQR", "aggregate", "cor", "na.omit",
             "quantile", "rnorm", "shapiro.test")
  importFrom("utils", "read.delim", "write.table")
to your NAMESPACE file (and ensure that your DESCRIPTION Imports field
contains 'methods').
* checking Rd files ... OK
* checking Rd metadata ... OK
* checking Rd cross-references ... OK
* checking for missing documentation entries ... OK
* checking for code/documentation mismatches ... OK
* checking Rd \usage sections ... OK
* checking Rd contents ... OK
* checking for unstated dependencies in examples ... OK
* checking contents of ‘data’ directory ... OK
* checking data for non-ASCII characters ... OK
* checking LazyData ... OK
* checking data for ASCII and uncompressed saves ... OK
* checking installed files from ‘inst/doc’ ... OK
* checking files in ‘vignettes’ ... OK
* checking examples ... OK
* checking for unstated dependencies in ‘tests’ ... OK
* checking tests ... OK
  Running ‘testthat.R’
* checking for unstated dependencies in vignettes ... NOTE
'library' or 'require' call not declared from: ‘gridExtra’
* checking package vignettes in ‘inst/doc’ ... OK
* checking running R code from vignettes ... OK
  ‘ScHiCcompare.Rmd’ using ‘UTF-8’... OK
* checking re-building of vignette outputs ... OK
* checking PDF version of manual ... OK
* DONE
Status: 2 NOTEs
