Hmm ... looks like a package
Converting parsed Rd's to LaTeX .
Creating pdf output from LaTeX ...
Error in texi2dvi(file = file, pdf = TRUE, clean = clean, quiet = quiet,  : 
  Running 'texi2dvi' on 'Rd2.tex' failed.
Messages:
/usr/local/bin/texi2dvi: makeindex failed
Output:
This is pdfTeX, Version 3.141592653-2.6-1.40.26 (TeX Live 2024) (preloaded format=pdflatex)
 restricted \write18 enabled.
entering extended mode
LaTeX2e <2024-11-01>
L3 programming layer <2024-11-02>

(./Rd2.tex
(/Users/mynguyen/Library/TinyTeX/texmf-dist/tex/latex/base/book.cls
Document Class: book 2024/06/29 v1.4n Standard LaTeX document class
(/Users/mynguyen/Library/TinyTeX/texmf-dist/tex/latex/base/bk10.clo)) (/Library/Frameworks/R.framework/Resources/share/texmf/tex/latex/Rd.sty (/Users/mynguyen/Library/TinyTeX/texmf-dist/tex/latex/base/ifthen.sty) (/Users/mynguyen/Library/TinyTeX/texmf-dist/tex/latex/tools/longtable.sty) (/Users/mynguyen/Library/TinyTeX/texmf-dist/tex/latex/tools/bm.sty) (/Users/mynguyen/Library/TinyTeX/texmf-dist/tex/latex/base/alltt.sty) (/Users/mynguyen/Library/TinyTeX/texmf-dist/tex/latex/tools/verbatim.sty) (/Users/mynguyen/Library/TinyTeX/texmf-dist/tex/latex/url/url.sty) (/Users/mynguyen/Library/TinyTeX/texmf-dist/tex/latex/base/textcomp.sty) (/Users/mynguyen/Library/TinyTeX/texmf-dist/tex/latex/amsmath/amsmath.sty
For additional information on amsmath, use the `?' option.
(/Users/mynguyen/Library/TinyTeX/texmf-dist/tex/latex/amsmath/amstext.sty (/Users/mynguyen/Library/TinyTeX/texmf-dist/tex/latex/amsmath/amsgen.sty)) (/Users/mynguyen/Library/TinyTeX/texmf-dist/tex/latex/amsmath/amsbsy.sty) (/Users/mynguyen/Library/TinyTeX/texmf-dist/tex/latex/amsmath/amsopn.sty)) (/Users/mynguyen/Library/TinyTeX/texmf-dist/tex/latex/amsfonts/amsfonts.sty) (/Users/mynguyen/Library/TinyTeX/texmf-dist/tex/latex/amsfonts/amssymb.sty) (/Users/mynguyen/Library/TinyTeX/texmf-dist/tex/latex/amsfonts/eucal.sty) (/Users/mynguyen/Library/TinyTeX/texmf-dist/tex/generic/iftex/iftex.sty) (/Users/mynguyen/Library/TinyTeX/texmf-dist/tex/latex/base/fontenc.sty) (/Users/mynguyen/Library/TinyTeX/texmf-dist/tex/latex/psnfss/times.sty) (/Users/mynguyen/Library/TinyTeX/texmf-dist/tex/latex/inconsolata/zi4.sty `inconsolata-zi4' v1.12, 2019/05/17 Text macros for Inconsolata (msharpe) (/Users/mynguyen/Library/TinyTeX/texmf-dist/tex/latex/xkeyval/xkeyval.sty (/Users/mynguyen/Library/TinyTeX/texmf-dist/tex/generic/xkeyval/xkeyval.tex (/Users/mynguyen/Library/TinyTeX/texmf-dist/tex/generic/xkeyval/xkvutils.tex (/Users/mynguyen/Library/TinyTeX/texmf-dist/tex/generic/xkeyval/keyval.tex))))) (/Users/mynguyen/Library/TinyTeX/texmf-dist/tex/latex/graphics/color.sty (/Users/mynguyen/Library/TinyTeX/texmf-dist/tex/latex/graphics-cfg/color.cfg) (/Users/mynguyen/Library/TinyTeX/texmf-dist/tex/latex/graphics-def/pdftex.def) (/Users/mynguyen/Library/TinyTeX/texmf-dist/tex/latex/graphics/mathcolor.ltx)) (/Users/mynguyen/Library/TinyTeX/texmf-dist/tex/latex/hyperref/hyperref.sty (/Users/mynguyen/Library/TinyTeX/texmf-dist/tex/latex/kvsetkeys/kvsetkeys.sty) (/Users/mynguyen/Library/TinyTeX/texmf-dist/tex/generic/kvdefinekeys/kvdefinekeys.sty) (/Users/mynguyen/Library/TinyTeX/texmf-dist/tex/generic/pdfescape/pdfescape.sty (/Users/mynguyen/Library/TinyTeX/texmf-dist/tex/generic/ltxcmds/ltxcmds.sty) (/Users/mynguyen/Library/TinyTeX/texmf-dist/tex/generic/pdftexcmds/pdftexcmds.sty (/Users/mynguyen/Library/TinyTeX/texmf-dist/tex/generic/infwarerr/infwarerr.sty))) (/Users/mynguyen/Library/TinyTeX/texmf-dist/tex/latex/hycolor/hycolor.sty) (/Users/mynguyen/Library/TinyTeX/texmf-dist/tex/latex/hyperref/nameref.sty (/Users/mynguyen/Library/TinyTeX/texmf-dist/tex/latex/refcount/refcount.sty) (/Users/mynguyen/Library/TinyTeX/texmf-dist/tex/generic/gettitlestring/gettitlestring.sty (/Users/mynguyen/Library/TinyTeX/texmf-dist/tex/latex/kvoptions/kvoptions.sty))) (/Users/mynguyen/Library/TinyTeX/texmf-dist/tex/latex/etoolbox/etoolbox.sty) (/Users/mynguyen/Library/TinyTeX/texmf-dist/tex/generic/stringenc/stringenc.sty) (/Users/mynguyen/Library/TinyTeX/texmf-dist/tex/latex/hyperref/pd1enc.def) (/Users/mynguyen/Library/TinyTeX/texmf-dist/tex/generic/intcalc/intcalc.sty) (/Users/mynguyen/Library/TinyTeX/texmf-dist/tex/latex/hyperref/puenc.def) (/Users/mynguyen/Library/TinyTeX/texmf-dist/tex/generic/bitset/bitset.sty (/Users/mynguyen/Library/TinyTeX/texmf-dist/tex/generic/bigintcalc/bigintcalc.sty)) (/Users/mynguyen/Library/TinyTeX/texmf-dist/tex/latex/base/atbegshi-ltx.sty)) (/Users/mynguyen/Library/TinyTeX/texmf-dist/tex/latex/hyperref/hpdftex.def (/Users/mynguyen/Library/TinyTeX/texmf-dist/tex/latex/base/atveryend-ltx.sty) (/Users/mynguyen/Library/TinyTeX/texmf-dist/tex/latex/rerunfilecheck/rerunfilecheck.sty (/Users/mynguyen/Library/TinyTeX/texmf-dist/tex/generic/uniquecounter/uniquecounter.sty)))

Package hyperref Warning: Option `hyperindex' has already been used,
(hyperref)                setting the option has no effect on input line 397.


Package hyperref Warning: Option `pagebackref' has already been used,
(hyperref)                setting the option has no effect on input line 397.

) (/Users/mynguyen/Library/TinyTeX/texmf-dist/tex/latex/base/makeidx.sty) (/Users/mynguyen/Library/TinyTeX/texmf-dist/tex/latex/base/inputenc.sty)
Writing index file Rd2.idx
(/Users/mynguyen/Library/TinyTeX/texmf-dist/tex/latex/psnfss/t1ptm.fd) (/Users/mynguyen/Library/TinyTeX/texmf-dist/tex/latex/l3backend/l3backend-pdftex.def)
No file Rd2.aux.
(/Users/mynguyen/Library/TinyTeX/texmf-dist/tex/latex/inconsolata/t1zi4.fd) (/Users/mynguyen/Library/TinyTeX/texmf-dist/tex/latex/amsfonts/umsa.fd) (/Users/mynguyen/Library/TinyTeX/texmf-dist/tex/latex/amsfonts/umsb.fd) (/Users/mynguyen/Library/TinyTeX/texmf-dist/tex/latex/psnfss/t1phv.fd)
No file Rd2.toc.

[1{/Users/mynguyen/Library/TinyTeX/texmf-var/fonts/map/pdftex/updmap/pdftex.map}{/Users/mynguyen/Library/TinyTeX/texmf-dist/fonts/enc/dvips/base/8r.enc}{/Users/mynguyen/Library/TinyTeX/texmf-dist/fonts/enc/dvips/inconsolata/i4-t1-0.enc}]
Overfull \hbox (58.28088pt too wide) in paragraph at lines 78--82
\T1/zi4/m/n/10 github . io / BandNorm / articles / BandNorm-[]tutorial . html # download-[]existing-[]single-[]cell-[]hi-[]c-[]data$[][]

[2]
[3]
[4]
[5]
[6]
Overfull \hbox (182.3503pt too wide) in paragraph at lines 355--357
\T1/ptm/m/n/10 web-site at [][]$\T1/zi4/m/n/10 https : / / sshen82 . github . io / BandNorm / articles / BandNorm-[]tutorial . html # download-[]existing-[]single-[]cell-[]hi-[]c-[]data$[][]\T1/ptm/m/n/10 . 

[7]
Overfull \hbox (163.19038pt too wide) in paragraph at lines 412--414
\T1/ptm/m/n/10 site at [][]$\T1/zi4/m/n/10 https : / / sshen82 . github . io / BandNorm / articles / BandNorm-[]tutorial . html # download-[]existing-[]single-[]cell-[]hi-[]c-[]data$[][] 

[8]
[9]
Overfull \hbox (3.66753pt too wide) in paragraph at lines 477--479
[]\T1/ptm/m/n/10 Character string spec-i-fy-ing the pool-ing style for `im-pu-ta-tion`. Op-tions are 'none',

[10]
[11]
[12]
Overfull \hbox (17.25021pt too wide) in paragraph at lines 633--633
 []\T1/zi4/m/n/9 IF_table <- scHiC_table(file.path = MGs_example, cell.type = "MG", select.chromosome = "chr20")[] 

[13]
Overfull \hbox (13.00691pt too wide) in paragraph at lines 685--687
[]\T1/ptm/m/n/10 A nu-meric value for the sig-nif-i-cance level of out-lier de-tec-tion in the `hic_compare()`

Overfull \hbox (27.91785pt too wide) in paragraph at lines 705--710
\T1/ptm/m/n/10 av-er-age ex-pres-sion in the `hic_compare()` func-tion from HiC-com-pare. `hic_compare()`

[14] (/Users/mynguyen/Library/TinyTeX/texmf-dist/tex/latex/base/ts1cmtt.fd)
Overfull \hbox (14.25328pt too wide) in paragraph at lines 763--763
 []\T1/zi4/m/n/9 bulk.hic.table <- create.hic.table(bulk.sparse.1, bulk.sparse.2, chr = "chr20", scale = FALSE)[] 

Overfull \hbox (20.25635pt too wide) in paragraph at lines 767--767
 []\T1/zi4/m/n/9 result <- scHiC_bulk_compare(hic.table_normalize, D.interval = c(1:10), fprControl.logfc = 0.8)[] 

[15]
Overfull \hbox (20.24844pt too wide) in paragraph at lines 775--776
\T1/ptm/m/n/10 lected chro-mo-some. The re-sult-ing ta-ble is us-able for the []\T1/zi4/m/n/10 Pooling_RF_impute() []\T1/ptm/m/n/10 and []\T1/zi4/m/n/10 pseudo_bulkHic()
(/Users/mynguyen/Library/TinyTeX/texmf-dist/tex/latex/inconsolata/ts1zi4.fd)
Overfull \hbox (14.25328pt too wide) in paragraph at lines 808--808
 []\T1/zi4/m/n

This is pdfTeX, Version 3.141592653-2.6-1.40.26 (TeX Live 2024) (preloaded format=pdflatex)
 restricted \write18 enabled.
entering extended mode
LaTeX2e <2024-11-01>
L3 programming layer <2024-11-02>

(./Rd2.tex
(/Users/mynguyen/Library/TinyTeX/texmf-dist/tex/latex/base/book.cls
Document Class: book 2024/06/29 v1.4n Standard LaTeX document class
(/Users/mynguyen/Library/TinyTeX/texmf-dist/tex/latex/base/bk10.clo)) (/Library/Frameworks/R.framework/Resources/share/texmf/tex/latex/Rd.sty (/Users/mynguyen/Library/TinyTeX/texmf-dist/tex/latex/base/ifthen.sty) (/Users/mynguyen/Library/TinyTeX/texmf-dist/tex/latex/tools/longtable.sty) (/Users/mynguyen/Library/TinyTeX/texmf-dist/tex/latex/tools/bm.sty) (/Users/mynguyen/Library/TinyTeX/texmf-dist/tex/latex/base/alltt.sty) (/Users/mynguyen/Library/TinyTeX/texmf-dist/tex/latex/tools/verbatim.sty) (/Users/mynguyen/Library/TinyTeX/texmf-dist/tex/latex/url/url.sty) (/Users/mynguyen/Library/TinyTeX/texmf-dist/tex/latex/base/textcomp.sty) (/Users/mynguyen/Library/TinyTeX/texmf-dist/tex/latex/amsmath/amsmath.sty
For additional information on amsmath, use the `?' option.
(/Users/mynguyen/Library/TinyTeX/texmf-dist/tex/latex/amsmath/amstext.sty (/Users/mynguyen/Library/TinyTeX/texmf-dist/tex/latex/amsmath/amsgen.sty)) (/Users/mynguyen/Library/TinyTeX/texmf-dist/tex/latex/amsmath/amsbsy.sty) (/Users/mynguyen/Library/TinyTeX/texmf-dist/tex/latex/amsmath/amsopn.sty)) (/Users/mynguyen/Library/TinyTeX/texmf-dist/tex/latex/amsfonts/amsfonts.sty) (/Users/mynguyen/Library/TinyTeX/texmf-dist/tex/latex/amsfonts/amssymb.sty) (/Users/mynguyen/Library/TinyTeX/texmf-dist/tex/latex/amsfonts/eucal.sty) (/Users/mynguyen/Library/TinyTeX/texmf-dist/tex/generic/iftex/iftex.sty) (/Users/mynguyen/Library/TinyTeX/texmf-dist/tex/latex/base/fontenc.sty) (/Users/mynguyen/Library/TinyTeX/texmf-dist/tex/latex/psnfss/times.sty) (/Users/mynguyen/Library/TinyTeX/texmf-dist/tex/latex/inconsolata/zi4.sty `inconsolata-zi4' v1.12, 2019/05/17 Text macros for Inconsolata (msharpe) (/Users/mynguyen/Library/TinyTeX/texmf-dist/tex/latex/xkeyval/xkeyval.sty (/Users/mynguyen/Library/TinyTeX/texmf-dist/tex/generic/xkeyval/xkeyval.tex (/Users/mynguyen/Library/TinyTeX/texmf-dist/tex/generic/xkeyval/xkvutils.tex (/Users/mynguyen/Library/TinyTeX/texmf-dist/tex/generic/xkeyval/keyval.tex))))) (/Users/mynguyen/Library/TinyTeX/texmf-dist/tex/latex/graphics/color.sty (/Users/mynguyen/Library/TinyTeX/texmf-dist/tex/latex/graphics-cfg/color.cfg) (/Users/mynguyen/Library/TinyTeX/texmf-dist/tex/latex/graphics-def/pdftex.def) (/Users/mynguyen/Library/TinyTeX/texmf-dist/tex/latex/graphics/mathcolor.ltx)) (/Users/mynguyen/Library/TinyTeX/texmf-dist/tex/latex/hyperref/hyperref.sty (/Users/mynguyen/Library/TinyTeX/texmf-dist/tex/latex/kvsetkeys/kvsetkeys.sty) (/Users/mynguyen/Library/TinyTeX/texmf-dist/tex/generic/kvdefinekeys/kvdefinekeys.sty) (/Users/mynguyen/Library/TinyTeX/texmf-dist/tex/generic/pdfescape/pdfescape.sty (/Users/mynguyen/Library/TinyTeX/texmf-dist/tex/generic/ltxcmds/ltxcmds.sty) (/Users/mynguyen/Library/TinyTeX/texmf-dist/tex/generic/pdftexcmds/pdftexcmds.sty (/Users/mynguyen/Library/TinyTeX/texmf-dist/tex/generic/infwarerr/infwarerr.sty))) (/Users/mynguyen/Library/TinyTeX/texmf-dist/tex/latex/hycolor/hycolor.sty) (/Users/mynguyen/Library/TinyTeX/texmf-dist/tex/latex/hyperref/nameref.sty (/Users/mynguyen/Library/TinyTeX/texmf-dist/tex/latex/refcount/refcount.sty) (/Users/mynguyen/Library/TinyTeX/texmf-dist/tex/generic/gettitlestring/gettitlestring.sty (/Users/mynguyen/Library/TinyTeX/texmf-dist/tex/latex/kvoptions/kvoptions.sty))) (/Users/mynguyen/Library/TinyTeX/texmf-dist/tex/latex/etoolbox/etoolbox.sty) (/Users/mynguyen/Library/TinyTeX/texmf-dist/tex/generic/stringenc/stringenc.sty) (/Users/mynguyen/Library/TinyTeX/texmf-dist/tex/latex/hyperref/pd1enc.def) (/Users/mynguyen/Library/TinyTeX/texmf-dist/tex/generic/intcalc/intcalc.sty) (/Users/mynguyen/Library/TinyTeX/texmf-dist/tex/latex/hyperref/puenc.def) (/Users/mynguyen/Library/TinyTeX/texmf-dist/tex/generic/bitset/bitset.sty (/Users/mynguyen/Library/TinyTeX/texmf-dist/tex/generic/bigintcalc/bigintcalc.sty)) (/Users/mynguyen/Library/TinyTeX/texmf-dist/tex/latex/base/atbegshi-ltx.sty)) (/Users/mynguyen/Library/TinyTeX/texmf-dist/tex/latex/hyperref/hpdftex.def (/Users/mynguyen/Library/TinyTeX/texmf-dist/tex/latex/base/atveryend-ltx.sty) (/Users/mynguyen/Library/TinyTeX/texmf-dist/tex/latex/rerunfilecheck/rerunfilecheck.sty (/Users/mynguyen/Library/TinyTeX/texmf-dist/tex/generic/uniquecounter/uniquecounter.sty)))

Package hyperref Warning: Option `hyperindex' has already been used,
(hyperref)                setting the option has no effect on input line 397.


Package hyperref Warning: Option `pagebackref' has already been used,
(hyperref)                setting the option has no effect on input line 397.

) (/Users/mynguyen/Library/TinyTeX/texmf-dist/tex/latex/base/makeidx.sty) (/Users/mynguyen/Library/TinyTeX/texmf-dist/tex/latex/base/inputenc.sty)
Writing index file Rd2.idx
(/Users/mynguyen/Library/TinyTeX/texmf-dist/tex/latex/psnfss/t1ptm.fd) (/Users/mynguyen/Library/TinyTeX/texmf-dist/tex/latex/l3backend/l3backend-pdftex.def) (/private/var/folders/mb/4q61y9551x97k_0tnrsmq6hr0000gn/T/Rtmp5FVoSs/Rd2pdf121e436ad7f85/Rd2.aux) (/private/var/folders/mb/4q61y9551x97k_0tnrsmq6hr0000gn/T/Rtmp5FVoSs/Rd2pdf121e436ad7f85/Rd2.out) (/private/var/folders/mb/4q61y9551x97k_0tnrsmq6hr0000gn/T/Rtmp5FVoSs/Rd2pdf121e436ad7f85/Rd2.out) (/Users/mynguyen/Library/TinyTeX/texmf-dist/tex/latex/inconsolata/t1zi4.fd) (/Users/mynguyen/Library/TinyTeX/texmf-dist/tex/latex/amsfonts/umsa.fd) (/Users/mynguyen/Library/TinyTeX/texmf-dist/tex/latex/amsfonts/umsb.fd) (/Users/mynguyen/Library/TinyTeX/texmf-dist/tex/latex/psnfss/t1phv.fd) (/private/var/folders/mb/4q61y9551x97k_0tnrsmq6hr0000gn/T/Rtmp5FVoSs/Rd2pdf121e436ad7f85/Rd2.toc
[1{/Users/mynguyen/Library/TinyTeX/texmf-var/fonts/map/pdftex/updmap/pdftex.map}{/Users/mynguyen/Library/TinyTeX/texmf-dist/fonts/enc/dvips/base/8r.enc}{/Users/mynguyen/Library/TinyTeX/texmf-dist/fonts/enc/dvips/inconsolata/i4-t1-0.enc}])
Overfull \hbox (58.28088pt too wide) in paragraph at lines 78--82
\T1/zi4/m/n/10 github . io / BandNorm / articles / BandNorm-[]tutorial . html # download-[]existing-[]single-[]cell-[]hi-[]c-[]data$[][]

[2]
[3]
[4]
[5]
[6]
Overfull \hbox (182.3503pt too wide) in paragraph at lines 355--357
\T1/ptm/m/n/10 web-site at [][]$\T1/zi4/m/n/10 https : / / sshen82 . github . io / BandNorm / articles / BandNorm-[]tutorial . html # download-[]existing-[]single-[]cell-[]hi-[]c-[]data$[][]\T1/ptm/m/n/10 . 

[7]
Overfull \hbox (163.19038pt too wide) in paragraph at lines 412--414
\T1/ptm/m/n/10 site at [][]$\T1/zi4/m/n/10 https : / / sshen82 . github . io / BandNorm / articles / BandNorm-[]tutorial . html # download-[]existing-[]single-[]cell-[]hi-[]c-[]data$[][] 

[8]
[9]
Overfull \hbox (3.66753pt too wide) in paragraph at lines 477--479
[]\T1/ptm/m/n/10 Character string spec-i-fy-ing the pool-ing style for `im-pu-ta-tion`. Op-tions are 'none',

[10]
[11]
[12]
Overfull \hbox (17.25021pt too wide) in paragraph at lines 633--633
 []\T1/zi4/m/n/9 IF_table <- scHiC_table(file.path = MGs_example, cell.type = "MG", select.chromosome = "chr20")[] 

[13]
Overfull \hbox (13.00691pt too wide) in paragraph at lines 685--687
[]\T1/ptm/m/n/10 A nu-meric value for the sig-nif-i-cance level of out-lier de-tec-tion in the `hic_compare()`

Overfull \hbox (27.91785pt too wide) in paragraph at lines 705--710
\T1/ptm/m/n/10 av-er-age ex-pres-sion in the `hic_compare()` func-tion from HiC-com-pare. `hic_compare()`

[14] (/Users/mynguyen/Library/TinyTeX/texmf-dist/tex/latex/base/ts1cmtt.fd)
Overfull \hbox (14.25328pt too wide) in paragraph at lines 763--763
 []\T1/zi4/m/n/9 bulk.hic.table <- create.hic.table(bulk.sparse.1, bulk.sparse.2, chr = "chr20", scale = FALSE)[] 

Overfull \hbox (20.25635pt too wide) in paragraph at lines 767--767
 []\T1/zi4/m/n/9 result <- scHiC_bulk_compare(hic.table_normalize, D.interval = c(1:10), fprControl.logfc = 0.8)[] 

[15]
Overfull \hbox (20.24844pt too wide) in paragraph at lines 775--776
\T1/ptm/m/n/10 lected chro-mo-some. The re-sult-ing ta-ble is us-able for the []\T1/zi4/m/n/10 Pooling_RF_impute() []\T1/ptm/m/n/10 and []\T1/zi4/m/n/10 pseudo_bulkHic()
(/Users/mynguyen/Library/TinyTeX/texmf-dist/tex/latex/inconsolata/ts1zi4.fd)
Overfull \hbox (14.25328pt too wide) in paragraph at lines 808--808
 []\T1/zi4/m/n/9 IF_table <- scHiC_table(file.path = MGs_example, cell.type =\TS1/zi4/m/n/9 '\T1/zi4/m/n/9 MG\TS1/zi4/m/n/9 '\T1/zi4/m/n/9 , select.chromosome = "chr20")[] 
No file Rd2.ind.

[16{/Users/mynguyen/Library/TinyTeX/texmf-dist/fonts/enc/dvips/inconsolata/i4-ts1.enc}] (/private/var/folders/mb/4q61y9551x97k_0tnrsmq6hr0000gn/T/Rtmp5FVoSs/Rd2pdf121e436ad7f85/Rd2.aux) )
(see the transcript file for additional information) </Users/mynguyen/Library/TinyTeX/texmf-var/fonts/pk/ljfour/jknappen/ec/tctt0900.600pk></Users/mynguyen/Library/TinyTeX/texmf-dist/fonts/type1/public/inconsolata/Inconsolata-zi4r.pfb></Users/mynguyen/Library/TinyTeX/texmf-dist/fonts/type1/urw/helvetic/uhvr8a.pfb></Users/mynguyen/Library/TinyTeX/texmf-dist/fonts/type1/urw/times/utmb8a.pfb></Users/mynguyen/Library/TinyTeX/texmf-dist/fonts/type1/urw/times/utmr8a.pfb></Users/mynguyen/Library/TinyTeX/texmf-dist/fonts/type1/urw/times/utmr8a.pfb></Users/mynguyen/Library/TinyTeX/texmf-dist/fonts/type1/urw/times/utmri8a.pfb>
Output written on Rd2.pdf (16 pages, 125014 bytes).
Transcript written on Rd2.log.
Saving output to ‘scHiCcompare-manual.pdf’ ...
Done
You may want to clean up by 'rm -Rf /var/folders/mb/4q61y9551x97k_0tnrsmq6hr0000gn/T//Rtmp5FVoSs/Rd2pdf121e436ad7f85'
